<?xml version="1.0" encoding="UTF-8"?>
<!-- Generated by org.testng.reporters.JUnitReportReporter -->
<testsuite skipped="0" hostname="DESKTOP-3R73L8V" name="com.nopcommerce.testCases.TC_SearchCustomerByEmail_004" tests="1" failures="0" timestamp="2020-08-15T07:25:40 IST" time="18.503" errors="0">
  <testcase name="searchCustomerbyEmail" time="18.503" classname="com.nopcommerce.testCases.TC_SearchCustomerByEmail_004"/>
  <system-out/>
</testsuite> <!-- com.nopcommerce.testCases.TC_SearchCustomerByEmail_004 -->
