<?xml version="1.0" encoding="UTF-8"?>
<!-- Generated by org.testng.reporters.JUnitReportReporter -->
<testsuite skipped="0" hostname="DESKTOP-3R73L8V" name="com.nopcommerce.testCases.TC_LoginDDT_002" tests="4" failures="0" timestamp="2020-08-14T07:29:38 IST" time="42.381" errors="0">
  <testcase name="loginTest" time="7.071" classname="com.nopcommerce.testCases.TC_LoginDDT_002"/>
  <system-out/>
  <testcase name="loginTest" time="6.919" classname="com.nopcommerce.testCases.TC_LoginDDT_002"/>
  <system-out/>
  <testcase name="loginTest" time="21.460" classname="com.nopcommerce.testCases.TC_LoginDDT_002"/>
  <system-out/>
  <testcase name="loginTest" time="6.931" classname="com.nopcommerce.testCases.TC_LoginDDT_002"/>
  <system-out/>
</testsuite> <!-- com.nopcommerce.testCases.TC_LoginDDT_002 -->
