<?xml version="1.0" encoding="UTF-8"?>
<!-- Generated by org.testng.reporters.JUnitReportReporter -->
<testsuite skipped="0" hostname="DESKTOP-3R73L8V" name="com.nopcommerce.testCases.TC_LoginTest_001" tests="1" failures="0" timestamp="2020-08-17T07:23:30 IST" time="28.118" errors="0">
  <testcase name="loginTest" time="28.118" classname="com.nopcommerce.testCases.TC_LoginTest_001"/>
  <system-out/>
</testsuite> <!-- com.nopcommerce.testCases.TC_LoginTest_001 -->
