<?xml version="1.0" encoding="UTF-8"?>
<!-- Generated by org.testng.reporters.JUnitReportReporter -->
<testsuite skipped="0" hostname="DESKTOP-3R73L8V" name="com.nopcommerce.testCases.TC_AddCustomerTest_003" tests="1" failures="0" timestamp="2020-08-17T07:23:30 IST" time="50.394" errors="0">
  <testcase name="addNewCustomer" time="50.394" classname="com.nopcommerce.testCases.TC_AddCustomerTest_003"/>
  <system-out/>
</testsuite> <!-- com.nopcommerce.testCases.TC_AddCustomerTest_003 -->
